The MPI test test_mpi for C in mode normal failed to compile with the following output:
Change Dir: /home/gmartine/qlens-beta/cmake/CMakeFiles/CMakeTmp

Run Build Command(s):/usr/bin/gmake cmTC_5fd57/fast && /usr/bin/gmake  -f CMakeFiles/cmTC_5fd57.dir/build.make CMakeFiles/cmTC_5fd57.dir/build
gmake[1]: Entering directory '/home/gmartine/qlens-beta/cmake/CMakeFiles/CMakeTmp'
Building C object CMakeFiles/cmTC_5fd57.dir/test_mpi.c.o
/usr/bin/cc    -o CMakeFiles/cmTC_5fd57.dir/test_mpi.c.o -c /usr/share/cmake/Modules/FindMPI/test_mpi.c
/usr/share/cmake/Modules/FindMPI/test_mpi.c:1:10: fatal error: mpi.h: No such file or directory
    1 | #include <mpi.h>
      |          ^~~~~~~
compilation terminated.
gmake[1]: *** [CMakeFiles/cmTC_5fd57.dir/build.make:85: CMakeFiles/cmTC_5fd57.dir/test_mpi.c.o] Error 1
gmake[1]: Leaving directory '/home/gmartine/qlens-beta/cmake/CMakeFiles/CMakeTmp'
gmake: *** [Makefile:140: cmTC_5fd57/fast] Error 2



The MPI test test_mpi for CXX in mode normal failed to compile with the following output:
Change Dir: /home/gmartine/qlens-beta/cmake/CMakeFiles/CMakeTmp

Run Build Command(s):/usr/bin/gmake cmTC_663d7/fast && /usr/bin/gmake  -f CMakeFiles/cmTC_663d7.dir/build.make CMakeFiles/cmTC_663d7.dir/build
gmake[1]: Entering directory '/home/gmartine/qlens-beta/cmake/CMakeFiles/CMakeTmp'
Building CXX object CMakeFiles/cmTC_663d7.dir/test_mpi.cpp.o
/usr/bin/c++    -o CMakeFiles/cmTC_663d7.dir/test_mpi.cpp.o -c /home/gmartine/qlens-beta/cmake/CMakeFiles/FindMPI/test_mpi.cpp
/home/gmartine/qlens-beta/cmake/CMakeFiles/FindMPI/test_mpi.cpp:1:10: fatal error: mpi.h: No such file or directory
    1 | #include <mpi.h>
      |          ^~~~~~~
compilation terminated.
gmake[1]: *** [CMakeFiles/cmTC_663d7.dir/build.make:85: CMakeFiles/cmTC_663d7.dir/test_mpi.cpp.o] Error 1
gmake[1]: Leaving directory '/home/gmartine/qlens-beta/cmake/CMakeFiles/CMakeTmp'
gmake: *** [Makefile:140: cmTC_663d7/fast] Error 2



The MPI test test_mpi for Fortran in mode F77_HEADER failed to compile with the following output:
Change Dir: /home/gmartine/qlens-beta/cmake/CMakeFiles/CMakeTmp

Run Build Command(s):/usr/bin/gmake cmTC_4a6e6/fast && /usr/bin/gmake  -f CMakeFiles/cmTC_4a6e6.dir/build.make CMakeFiles/cmTC_4a6e6.dir/build
gmake[1]: Entering directory '/home/gmartine/qlens-beta/cmake/CMakeFiles/CMakeTmp'
Building Fortran object CMakeFiles/cmTC_4a6e6.dir/test_mpi.f90.o
/usr/bin/gfortran    -c /home/gmartine/qlens-beta/cmake/CMakeFiles/FindMPI/test_mpi.f90 -o CMakeFiles/cmTC_4a6e6.dir/test_mpi.f90.o
/home/gmartine/qlens-beta/cmake/CMakeFiles/FindMPI/test_mpi.f90:3: Error: Can't open included file 'mpif.h'
gmake[1]: *** [CMakeFiles/cmTC_4a6e6.dir/build.make:85: CMakeFiles/cmTC_4a6e6.dir/test_mpi.f90.o] Error 1
gmake[1]: Leaving directory '/home/gmartine/qlens-beta/cmake/CMakeFiles/CMakeTmp'
gmake: *** [Makefile:140: cmTC_4a6e6/fast] Error 2



The MPI test test_mpi for Fortran in mode F90_MODULE failed to compile with the following output:
Change Dir: /home/gmartine/qlens-beta/cmake/CMakeFiles/CMakeTmp

Run Build Command(s):/usr/bin/gmake cmTC_9b324/fast && /usr/bin/gmake  -f CMakeFiles/cmTC_9b324.dir/build.make CMakeFiles/cmTC_9b324.dir/build
gmake[1]: Entering directory '/home/gmartine/qlens-beta/cmake/CMakeFiles/CMakeTmp'
Building Fortran object CMakeFiles/cmTC_9b324.dir/test_mpi.f90.o
/usr/bin/gfortran    -c /home/gmartine/qlens-beta/cmake/CMakeFiles/FindMPI/test_mpi.f90 -o CMakeFiles/cmTC_9b324.dir/test_mpi.f90.o
/home/gmartine/qlens-beta/cmake/CMakeFiles/FindMPI/test_mpi.f90:2:11:

    2 |       use mpi
      |           1
Fatal Error: Cannot open module file ‘mpi.mod’ for reading at (1): No such file or directory
compilation terminated.
gmake[1]: *** [CMakeFiles/cmTC_9b324.dir/build.make:85: CMakeFiles/cmTC_9b324.dir/test_mpi.f90.o] Error 1
gmake[1]: Leaving directory '/home/gmartine/qlens-beta/cmake/CMakeFiles/CMakeTmp'
gmake: *** [Makefile:140: cmTC_9b324/fast] Error 2



The MPI test test_mpi for Fortran in mode F08_MODULE failed to compile with the following output:
Change Dir: /home/gmartine/qlens-beta/cmake/CMakeFiles/CMakeTmp

Run Build Command(s):/usr/bin/gmake cmTC_7a16f/fast && /usr/bin/gmake  -f CMakeFiles/cmTC_7a16f.dir/build.make CMakeFiles/cmTC_7a16f.dir/build
gmake[1]: Entering directory '/home/gmartine/qlens-beta/cmake/CMakeFiles/CMakeTmp'
Building Fortran object CMakeFiles/cmTC_7a16f.dir/test_mpi.f90.o
/usr/bin/gfortran    -c /home/gmartine/qlens-beta/cmake/CMakeFiles/FindMPI/test_mpi.f90 -o CMakeFiles/cmTC_7a16f.dir/test_mpi.f90.o
/home/gmartine/qlens-beta/cmake/CMakeFiles/FindMPI/test_mpi.f90:2:11:

    2 |       use mpi_f08
      |           1
Fatal Error: Cannot open module file ‘mpi_f08.mod’ for reading at (1): No such file or directory
compilation terminated.
gmake[1]: *** [CMakeFiles/cmTC_7a16f.dir/build.make:85: CMakeFiles/cmTC_7a16f.dir/test_mpi.f90.o] Error 1
gmake[1]: Leaving directory '/home/gmartine/qlens-beta/cmake/CMakeFiles/CMakeTmp'
gmake: *** [Makefile:140: cmTC_7a16f/fast] Error 2



The MPI test test_mpi for Fortran in mode F77_HEADER_NOKIND failed to compile with the following output:
Change Dir: /home/gmartine/qlens-beta/cmake/CMakeFiles/CMakeTmp

Run Build Command(s):/usr/bin/gmake cmTC_be1c8/fast && /usr/bin/gmake  -f CMakeFiles/cmTC_be1c8.dir/build.make CMakeFiles/cmTC_be1c8.dir/build
gmake[1]: Entering directory '/home/gmartine/qlens-beta/cmake/CMakeFiles/CMakeTmp'
Building Fortran object CMakeFiles/cmTC_be1c8.dir/test_mpi.f90.o
/usr/bin/gfortran    -c /home/gmartine/qlens-beta/cmake/CMakeFiles/FindMPI/test_mpi.f90 -o CMakeFiles/cmTC_be1c8.dir/test_mpi.f90.o
/home/gmartine/qlens-beta/cmake/CMakeFiles/FindMPI/test_mpi.f90:3: Error: Can't open included file 'mpif.h'
gmake[1]: *** [CMakeFiles/cmTC_be1c8.dir/build.make:85: CMakeFiles/cmTC_be1c8.dir/test_mpi.f90.o] Error 1
gmake[1]: Leaving directory '/home/gmartine/qlens-beta/cmake/CMakeFiles/CMakeTmp'
gmake: *** [Makefile:140: cmTC_be1c8/fast] Error 2



Determining if the Fortran sgemm exists failed with the following output:
Change Dir: /home/gmartine/qlens-beta/cmake/CMakeFiles/CMakeTmp

Run Build Command(s):/usr/bin/gmake cmTC_071cf/fast && /usr/bin/gmake  -f CMakeFiles/cmTC_071cf.dir/build.make CMakeFiles/cmTC_071cf.dir/build
gmake[1]: Entering directory '/home/gmartine/qlens-beta/cmake/CMakeFiles/CMakeTmp'
Building Fortran object CMakeFiles/cmTC_071cf.dir/testFortranCompiler.f.o
/usr/bin/gfortran    -c /home/gmartine/qlens-beta/cmake/CMakeFiles/CMakeTmp/testFortranCompiler.f -o CMakeFiles/cmTC_071cf.dir/testFortranCompiler.f.o
Linking Fortran executable cmTC_071cf
/usr/bin/cmake -E cmake_link_script CMakeFiles/cmTC_071cf.dir/link.txt --verbose=1
/usr/bin/gfortran CMakeFiles/cmTC_071cf.dir/testFortranCompiler.f.o -o cmTC_071cf 
/usr/bin/ld: CMakeFiles/cmTC_071cf.dir/testFortranCompiler.f.o: in function `MAIN__':
testFortranCompiler.f:(.text+0xa): undefined reference to `sgemm_'
collect2: error: ld returned 1 exit status
gmake[1]: *** [CMakeFiles/cmTC_071cf.dir/build.make:106: cmTC_071cf] Error 1
gmake[1]: Leaving directory '/home/gmartine/qlens-beta/cmake/CMakeFiles/CMakeTmp'
gmake: *** [Makefile:140: cmTC_071cf/fast] Error 2



Performing C SOURCE FILE Test CMAKE_HAVE_LIBC_PTHREAD failed with the following output:
Change Dir: /home/gmartine/qlens-beta/cmake/CMakeFiles/CMakeTmp

Run Build Command(s):/usr/bin/gmake cmTC_ebba0/fast && /usr/bin/gmake  -f CMakeFiles/cmTC_ebba0.dir/build.make CMakeFiles/cmTC_ebba0.dir/build
gmake[1]: Entering directory '/home/gmartine/qlens-beta/cmake/CMakeFiles/CMakeTmp'
Building C object CMakeFiles/cmTC_ebba0.dir/src.c.o
/usr/bin/cc -DCMAKE_HAVE_LIBC_PTHREAD   -o CMakeFiles/cmTC_ebba0.dir/src.c.o -c /home/gmartine/qlens-beta/cmake/CMakeFiles/CMakeTmp/src.c
Linking C executable cmTC_ebba0
/usr/bin/cmake -E cmake_link_script CMakeFiles/cmTC_ebba0.dir/link.txt --verbose=1
/usr/bin/cc -rdynamic CMakeFiles/cmTC_ebba0.dir/src.c.o -o cmTC_ebba0 
/usr/bin/ld: CMakeFiles/cmTC_ebba0.dir/src.c.o: in function `main':
src.c:(.text+0x2d): undefined reference to `pthread_create'
/usr/bin/ld: src.c:(.text+0x39): undefined reference to `pthread_detach'
/usr/bin/ld: src.c:(.text+0x45): undefined reference to `pthread_cancel'
/usr/bin/ld: src.c:(.text+0x56): undefined reference to `pthread_join'
collect2: error: ld returned 1 exit status
gmake[1]: *** [CMakeFiles/cmTC_ebba0.dir/build.make:106: cmTC_ebba0] Error 1
gmake[1]: Leaving directory '/home/gmartine/qlens-beta/cmake/CMakeFiles/CMakeTmp'
gmake: *** [Makefile:140: cmTC_ebba0/fast] Error 2


Source file was:
#include <pthread.h>

static void* test_func(void* data)
{
  return data;
}

int main(void)
{
  pthread_t thread;
  pthread_create(&thread, NULL, test_func, NULL);
  pthread_detach(thread);
  pthread_cancel(thread);
  pthread_join(thread, NULL);
  pthread_atfork(NULL, NULL, NULL);
  pthread_exit(NULL);

  return 0;
}

Determining if the function pthread_create exists in the pthreads failed with the following output:
Change Dir: /home/gmartine/qlens-beta/cmake/CMakeFiles/CMakeTmp

Run Build Command(s):/usr/bin/gmake cmTC_8df78/fast && /usr/bin/gmake  -f CMakeFiles/cmTC_8df78.dir/build.make CMakeFiles/cmTC_8df78.dir/build
gmake[1]: Entering directory '/home/gmartine/qlens-beta/cmake/CMakeFiles/CMakeTmp'
Building C object CMakeFiles/cmTC_8df78.dir/CheckFunctionExists.c.o
/usr/bin/cc   -DCHECK_FUNCTION_EXISTS=pthread_create -o CMakeFiles/cmTC_8df78.dir/CheckFunctionExists.c.o -c /usr/share/cmake/Modules/CheckFunctionExists.c
Linking C executable cmTC_8df78
/usr/bin/cmake -E cmake_link_script CMakeFiles/cmTC_8df78.dir/link.txt --verbose=1
/usr/bin/cc  -DCHECK_FUNCTION_EXISTS=pthread_create -rdynamic CMakeFiles/cmTC_8df78.dir/CheckFunctionExists.c.o -o cmTC_8df78  -lpthreads 
/usr/bin/ld: cannot find -lpthreads
collect2: error: ld returned 1 exit status
gmake[1]: *** [CMakeFiles/cmTC_8df78.dir/build.make:106: cmTC_8df78] Error 1
gmake[1]: Leaving directory '/home/gmartine/qlens-beta/cmake/CMakeFiles/CMakeTmp'
gmake: *** [Makefile:140: cmTC_8df78/fast] Error 2



